1695 [ForkJoinPool.commonPool-worker-1] INFO  ca.kittle.DmSeer - Container running athttp://localhost:8081/
1696 [ForkJoinPool.commonPool-worker-1] INFO  ca.kittle.DmSeer - Example: http://localhost:8081/api/null
1696 [ForkJoinPool.commonPool-worker-1] INFO  ca.kittle.DmSeer - Send SIGKILL to shutdown container
1696 [ForkJoinPool.commonPool-worker-1] INFO  ca.kittle.DmSeer - Starting up Discord Listener
1696 [ForkJoinPool.commonPool-worker-1] INFO  ca.kittle.DmSeer - Bot token is missing.
1697 [ForkJoinPool.commonPool-worker-1] INFO  ca.kittle.DmSeer - Building Discord listener
1685 [ForkJoinPool.commonPool-worker-1] INFO  ca.kittle.DmSeer - Container running athttp://localhost:8081/
1686 [ForkJoinPool.commonPool-worker-1] INFO  ca.kittle.DmSeer - Example: http://localhost:8081/api/null
1686 [ForkJoinPool.commonPool-worker-1] INFO  ca.kittle.DmSeer - Send SIGKILL to shutdown container
1686 [ForkJoinPool.commonPool-worker-1] INFO  ca.kittle.DmSeer - Starting up Discord Listener
1686 [ForkJoinPool.commonPool-worker-1] INFO  ca.kittle.DmSeer - Bot token is missing.
1687 [ForkJoinPool.commonPool-worker-1] INFO  ca.kittle.DmSeer - Building Discord listener
1636 [ForkJoinPool.commonPool-worker-1] INFO  ca.kittle.DmSeer - Container running athttp://localhost:8081/
1636 [ForkJoinPool.commonPool-worker-1] INFO  ca.kittle.DmSeer - Example: http://localhost:8081/api/null
1636 [ForkJoinPool.commonPool-worker-1] INFO  ca.kittle.DmSeer - Send SIGKILL to shutdown container
1636 [ForkJoinPool.commonPool-worker-1] INFO  ca.kittle.DmSeer - Starting up Discord Listener
1636 [ForkJoinPool.commonPool-worker-1] INFO  ca.kittle.DmSeer - A bot token was found.
1637 [ForkJoinPool.commonPool-worker-1] INFO  ca.kittle.DmSeer - Building Discord listener
2165 [ForkJoinPool.commonPool-worker-1] INFO  ca.kittle.DmSeer - Discord Listener attached
2265 [ForkJoinPool.commonPool-worker-5] INFO  ca.kittle.DmSeer - Logged in with ping: 99
2592 [ForkJoinPool.commonPool-worker-1] INFO  ca.kittle.DmSeer - Guilds: 1
1693 [ForkJoinPool.commonPool-worker-1] INFO  ca.kittle.DmSeer - Container running athttp://localhost:8081/
1694 [ForkJoinPool.commonPool-worker-1] INFO  ca.kittle.DmSeer - Example: http://localhost:8081/api/null
1694 [ForkJoinPool.commonPool-worker-1] INFO  ca.kittle.DmSeer - Send SIGKILL to shutdown container
1694 [ForkJoinPool.commonPool-worker-1] INFO  ca.kittle.DmSeer - Starting up Discord Listener
1694 [ForkJoinPool.commonPool-worker-1] INFO  ca.kittle.DmSeer - A bot token was found.
1696 [ForkJoinPool.commonPool-worker-1] INFO  ca.kittle.DmSeer - Building Discord listener
2210 [ForkJoinPool.commonPool-worker-1] INFO  ca.kittle.DmSeer - Discord Listener attached
2309 [ForkJoinPool.commonPool-worker-3] INFO  ca.kittle.DmSeer - Logged in with ping: 97
2531 [ForkJoinPool.commonPool-worker-1] INFO  ca.kittle.DmSeer - Guilds: 1
115  [main] WARN  ca.kittle.DmSeer - ---------------------------- Starting app ------------------------------
146  [main] INFO  ca.kittle.DmSeer - Starting up Discord Listener
146  [main] INFO  ca.kittle.DmSeer - A bot token was found.
148  [main] INFO  ca.kittle.DmSeer - Building Discord listener
937  [main] INFO  ca.kittle.DmSeer - Discord Listener attached
1042 [ForkJoinPool.commonPool-worker-2] INFO  ca.kittle.DmSeer - Logged in with ping: 104
1369 [main] INFO  ca.kittle.DmSeer - Guilds: 1
1729 [ForkJoinPool.commonPool-worker-1] INFO  ca.kittle.DmSeer - Container running athttp://localhost:8081/
1729 [ForkJoinPool.commonPool-worker-1] INFO  ca.kittle.DmSeer - Example: http://localhost:8081/api/null
1729 [ForkJoinPool.commonPool-worker-1] INFO  ca.kittle.DmSeer - Send SIGKILL to shutdown container
112  [main] WARN  ca.kittle.DmSeer - ---------------------------- Starting app ------------------------------
154  [main] INFO  ca.kittle.DmSeer - Starting up Discord Listener
155  [main] INFO  ca.kittle.DmSeer - A bot token was found.
161  [main] INFO  ca.kittle.DmSeer - Building Discord listener
807  [main] INFO  ca.kittle.DmSeer - Discord Listener attached
969  [ForkJoinPool.commonPool-worker-5] INFO  ca.kittle.DmSeer - Logged in with ping: 160
1233 [main] INFO  ca.kittle.DmSeer - Guilds: 1
1652 [ForkJoinPool.commonPool-worker-1] INFO  ca.kittle.DmSeer - Container running at http://localhost:8081/
1652 [ForkJoinPool.commonPool-worker-1] INFO  ca.kittle.DmSeer - Example: http://localhost:8081/api/
1652 [ForkJoinPool.commonPool-worker-1] INFO  ca.kittle.DmSeer - Send SIGKILL to shutdown container
158  [main] WARN  ca.kittle.DmSeer - ---------------------------- Starting app ------------------------------
219  [main] INFO  ca.kittle.DmSeer - Starting up Discord Listener
219  [main] INFO  ca.kittle.DmSeer - A bot token was found.
222  [main] INFO  ca.kittle.DmSeer - Building Discord listener
924  [main] INFO  ca.kittle.DmSeer - Discord Listener attached
1077 [ForkJoinPool.commonPool-worker-5] INFO  ca.kittle.DmSeer - Logged in with ping: 152
1404 [main] INFO  ca.kittle.DmSeer - Guilds: 1
1846 [ForkJoinPool.commonPool-worker-1] INFO  ca.kittle.DmSeer - Container running at http://localhost:8081/
1847 [ForkJoinPool.commonPool-worker-1] INFO  ca.kittle.DmSeer - Example: http://localhost:8081/api/
1847 [ForkJoinPool.commonPool-worker-1] INFO  ca.kittle.DmSeer - Send SIGKILL to shutdown container
107  [main] WARN  ca.kittle.DmSeer - ---------------------------- Starting app ------------------------------
139  [main] INFO  ca.kittle.DmSeer - Starting up Discord Listener
139  [main] INFO  ca.kittle.DmSeer - A bot token was found.
142  [main] INFO  ca.kittle.DmSeer - Building Discord listener
382  [ForkJoinPool.commonPool-worker-1] INFO  ca.kittle.DmSeer - Container running at http://localhost:8081/
383  [ForkJoinPool.commonPool-worker-1] INFO  ca.kittle.DmSeer - Example: http://localhost:8081/api/
383  [ForkJoinPool.commonPool-worker-1] INFO  ca.kittle.DmSeer - Send SIGKILL to shutdown container
828  [main] INFO  ca.kittle.DmSeer - Discord Listener attached
960  [ForkJoinPool.commonPool-worker-1] INFO  ca.kittle.DmSeer - Logged in with ping: 131
1269 [main] INFO  ca.kittle.DmSeer - Guilds: 1
125  [main] WARN  ca.kittle.DmSeer - ---------------------------- Starting app ------------------------------
157  [main] INFO  ca.kittle.DmSeer - Starting up Discord Listener
157  [main] INFO  ca.kittle.DmSeer - A bot token was found.
162  [main] INFO  ca.kittle.DmSeer - Building Discord listener
415  [ForkJoinPool.commonPool-worker-1] INFO  ca.kittle.DmSeer - Container running at http://localhost:8081/
416  [ForkJoinPool.commonPool-worker-1] INFO  ca.kittle.DmSeer - Example: http://localhost:8081/api/
416  [ForkJoinPool.commonPool-worker-1] INFO  ca.kittle.DmSeer - Send SIGKILL to shutdown container
726  [main] INFO  ca.kittle.DmSeer - Discord Listener attached
847  [ForkJoinPool.commonPool-worker-1] INFO  ca.kittle.DmSeer - Logged in with ping: 120
1103 [main] INFO  ca.kittle.DmSeer - Guilds: 1
19404 [ForkJoinPool.commonPool-worker-1] INFO  ca.kittle.DmSeer - Stopped container org.jboss.resteasy.plugins.server.undertow.UndertowJaxrsServer@3f0d3c40
